[18:13:42] [User Authenticator #144/INFO]: UUID of player thehock101 is 3cdc3bd7-ad28-4eda-9195-4512c27da7f7
[18:13:42] [Server thread/INFO]: thehock101[/76.105.148.136:60542] logged in with entity id 5031871 at (292.9444577031332, 65.0, 77.04315042693177)
[18:13:42] [Server thread/INFO]: thehock101 joined the game
[18:14:40] [Server thread/INFO]: thehock101 lost connection: Disconnected
[18:14:40] [Server thread/INFO]: thehock101 left the game
[18:23:33] [User Authenticator #145/INFO]: UUID of player chuckzee is 62b30574-59ad-4aed-81ef-c993ddd82afa
[18:23:33] [Server thread/INFO]: chuckzee[/68.49.33.97:10334] logged in with entity id 5034965 at (433.3285492588113, 64.0, -4.916745874844329)
[18:23:33] [Server thread/INFO]: chuckzee joined the game
[18:34:27] [Server thread/WARN]: chuckzee moved too quickly! -395.67322461509985,-22.0,7.749647012252375
[18:34:35] [Server thread/WARN]: chuckzee moved too quickly! 257.6889494843018,23.0,49.215219392877124
[18:53:14] [User Authenticator #146/INFO]: UUID of player chuckzee is 62b30574-59ad-4aed-81ef-c993ddd82afa
[18:53:14] [Server thread/INFO]: chuckzee lost connection: You logged in from another location
[18:53:14] [Server thread/INFO]: chuckzee left the game
[18:53:14] [Server thread/INFO]: chuckzee[/68.49.33.97:10687] logged in with entity id 5063512 at (404.8891400980391, 62.0, -18.45787332416911)
[18:53:14] [Server thread/INFO]: chuckzee joined the game
[19:47:32] [User Authenticator #147/INFO]: UUID of player IncredibleWord is 2c598464-7aa8-418f-b0e6-e7049be56356
[19:47:32] [Server thread/INFO]: IncredibleWord[/69.233.138.227:1772] logged in with entity id 5104136 at (261.41678645914044, 76.875, 159.98004757877845)
[19:47:32] [Server thread/INFO]: IncredibleWord joined the game
[19:47:41] [Server thread/WARN]: chuckzee moved wrongly!
[19:47:42] [Server thread/INFO]: <IncredibleWord> ello
[19:50:57] [Server thread/INFO]: chuckzee lost connection: Disconnected
[19:50:57] [Server thread/INFO]: chuckzee left the game
[20:02:41] [Server thread/INFO]: IncredibleWord lost connection: Disconnected
[20:02:41] [Server thread/INFO]: IncredibleWord left the game
[20:06:07] [User Authenticator #148/INFO]: UUID of player IncredibleWord is 2c598464-7aa8-418f-b0e6-e7049be56356
[20:06:07] [Server thread/INFO]: IncredibleWord[/69.233.138.227:3620] logged in with entity id 5120009 at (274.4479416024129, 76.0, 150.96661231030455)
[20:06:07] [Server thread/INFO]: IncredibleWord joined the game
[20:07:12] [Server thread/INFO]: IncredibleWord lost connection: Disconnected
[20:07:12] [Server thread/INFO]: IncredibleWord left the game
[20:14:56] [User Authenticator #149/INFO]: UUID of player chuckzee is 62b30574-59ad-4aed-81ef-c993ddd82afa
[20:14:56] [Server thread/INFO]: chuckzee[/68.49.33.97:12318] logged in with entity id 5121277 at (410.8420180856244, 72.0, -12.589808541292816)
[20:14:56] [Server thread/INFO]: chuckzee joined the game
[20:17:08] [Server thread/WARN]: chuckzee moved too quickly! -395.8946078313272,-22.0,7.938064320603708
[20:28:44] [Server thread/WARN]: chuckzee moved wrongly!
[20:49:01] [Server thread/INFO]: chuckzee lost connection: Disconnected
[20:49:01] [Server thread/INFO]: chuckzee left the game
[20:57:01] [User Authenticator #150/INFO]: UUID of player chuckzee is 62b30574-59ad-4aed-81ef-c993ddd82afa
[20:57:01] [Server thread/INFO]: chuckzee[/68.49.33.97:16302] logged in with entity id 5157959 at (401.2594846392303, 65.0, -4.903396389626485)
[20:57:01] [Server thread/INFO]: chuckzee joined the game
[20:58:52] [Server thread/WARN]: chuckzee moved wrongly!
[20:59:12] [Server thread/INFO]: chuckzee lost connection: Disconnected
[20:59:12] [Server thread/INFO]: chuckzee left the game
[21:02:09] [User Authenticator #151/INFO]: UUID of player chuckzee is 62b30574-59ad-4aed-81ef-c993ddd82afa
[21:02:09] [Server thread/INFO]: chuckzee[/68.49.33.97:17100] logged in with entity id 5159636 at (431.95783011416506, 64.0, -6.373755272438101)
[21:02:09] [Server thread/INFO]: chuckzee joined the game
[21:02:20] [Server thread/INFO]: chuckzee lost connection: Disconnected
[21:02:20] [Server thread/INFO]: chuckzee left the game
[21:03:31] [User Authenticator #152/INFO]: UUID of player chuckzee is 62b30574-59ad-4aed-81ef-c993ddd82afa
[21:03:31] [Server thread/INFO]: chuckzee[/68.49.33.97:17337] logged in with entity id 5159888 at (433.096736349521, 64.0, -6.544284930092974)
[21:03:31] [Server thread/INFO]: chuckzee joined the game
[21:11:14] [Server thread/INFO]: chuckzee lost connection: Disconnected
[21:11:14] [Server thread/INFO]: chuckzee left the game
[21:14:03] [User Authenticator #153/INFO]: UUID of player chuckzee is 62b30574-59ad-4aed-81ef-c993ddd82afa
[21:14:03] [Server thread/INFO]: chuckzee[/68.49.33.97:18547] logged in with entity id 5169144 at (420.9338848621677, 64.0, -3.816217069135333)
[21:14:03] [Server thread/INFO]: chuckzee joined the game
[21:16:52] [Server thread/INFO]: chuckzee lost connection: Disconnected
[21:16:52] [Server thread/INFO]: chuckzee left the game
[21:17:30] [User Authenticator #154/INFO]: UUID of player chuckzee is 62b30574-59ad-4aed-81ef-c993ddd82afa
[21:17:30] [Server thread/INFO]: chuckzee[/68.49.33.97:18858] logged in with entity id 5172502 at (433.90111732568056, 64.0, -6.255553669143811)
[21:17:30] [Server thread/INFO]: chuckzee joined the game
[21:22:22] [Server thread/INFO]: chuckzee lost connection: Disconnected
[21:22:22] [Server thread/INFO]: chuckzee left the game
